  Gra.cpp
C:\Users\marci\OneDrive\Pulpit\STUDIA\4 Semestr\PAMSI\Projekt 3\kolkokrzyzyk\kolkokrzyzyk\Gra.h(42,62): warning C4305: "inicjowanie": obcięcie z "double" do "_Ty"
          with
          [
              _Ty=float
          ]
C:\Users\marci\OneDrive\Pulpit\STUDIA\4 Semestr\PAMSI\Projekt 3\kolkokrzyzyk\kolkokrzyzyk\Gra.cpp(385,42): warning C4244: "argument": konwersja z "double" do "const unsigned __int64", możliwa utrata danych
C:\Users\marci\OneDrive\Pulpit\STUDIA\4 Semestr\PAMSI\Projekt 3\kolkokrzyzyk\kolkokrzyzyk\Gra.cpp(457,108): warning C4244: "argument": konwersja z "_Ty" do "float", możliwa utrata danych
          with
          [
              _Ty=int
          ]
C:\Users\marci\OneDrive\Pulpit\STUDIA\4 Semestr\PAMSI\Projekt 3\kolkokrzyzyk\kolkokrzyzyk\Gra.cpp(457,74): warning C4244: "argument": konwersja z "_Ty" do "float", możliwa utrata danych
          with
          [
              _Ty=int
          ]
C:\Users\marci\OneDrive\Pulpit\STUDIA\4 Semestr\PAMSI\Projekt 3\kolkokrzyzyk\kolkokrzyzyk\Gra.cpp(464,108): warning C4244: "argument": konwersja z "_Ty" do "float", możliwa utrata danych
          with
          [
              _Ty=int
          ]
C:\Users\marci\OneDrive\Pulpit\STUDIA\4 Semestr\PAMSI\Projekt 3\kolkokrzyzyk\kolkokrzyzyk\Gra.cpp(464,74): warning C4244: "argument": konwersja z "_Ty" do "float", możliwa utrata danych
          with
          [
              _Ty=int
          ]
  Trwa generowanie kodu
  2 of 286 functions ( 0.7%) were compiled, the rest were copied from previous compilation.
    0 functions were new in current compilation
    1 functions had inline decision re-evaluated but remain unchanged
  Zakończono generowanie kodu
  kolkokrzyzyk.vcxproj -> C:\Users\marci\OneDrive\Pulpit\STUDIA\4 Semestr\PAMSI\Projekt 3\kolkokrzyzyk\x64\Release\kolkokrzyzyk.exe
